<?xml version="1.0" encoding="UTF-8"?>
<testng-results ignored="0" total="15" passed="12" failed="3" skipped="0">
  <reporter-output>
  </reporter-output>
  <suite started-at="2023-12-07T03:10:54 PST" name="Single" finished-at="2023-12-07T03:11:59 PST" duration-ms="65692">
    <groups>
      <group name="all">
        <method signature="BaseTest.confirmApplicationLaunch()[pri:1, instance:testcases.BaseTest@7b227d8d]" name="confirmApplicationLaunch" class="testcases.BaseTest"/>
        <method signature="BaseTest.confirmProductsListed()[pri:2, instance:testcases.BaseTest@7b227d8d]" name="confirmProductsListed" class="testcases.BaseTest"/>
        <method signature="BaseTest.confirmLinkNavigation()[pri:3, instance:testcases.BaseTest@7b227d8d]" name="confirmLinkNavigation" class="testcases.BaseTest"/>
        <method signature="BaseTest.selectProductWH09()[pri:4, instance:testcases.BaseTest@7b227d8d]" name="selectProductWH09" class="testcases.BaseTest"/>
        <method signature="BaseTest.confirmAddToCartSelection()[pri:5, instance:testcases.BaseTest@7b227d8d]" name="confirmAddToCartSelection" class="testcases.BaseTest"/>
        <method signature="BaseTest.getProductDetails()[pri:6, instance:testcases.BaseTest@7b227d8d]" name="getProductDetails" class="testcases.BaseTest"/>
        <method signature="BaseTest.confirmSizeSelection()[pri:7, instance:testcases.BaseTest@7b227d8d]" name="confirmSizeSelection" class="testcases.BaseTest"/>
        <method signature="BaseTest.confirmColorSelection()[pri:8, instance:testcases.BaseTest@7b227d8d]" name="confirmColorSelection" class="testcases.BaseTest"/>
        <method signature="BaseTest.editQTY()[pri:9, instance:testcases.BaseTest@7b227d8d]" name="editQTY" class="testcases.BaseTest"/>
        <method signature="BaseTest.addItemToCart()[pri:10, instance:testcases.BaseTest@7b227d8d]" name="addItemToCart" class="testcases.BaseTest"/>
        <method signature="BaseTest.viewFooter()[pri:11, instance:testcases.BaseTest@7b227d8d]" name="viewFooter" class="testcases.BaseTest"/>
        <method signature="BaseTest.proceedToCheckout()[pri:12, instance:testcases.BaseTest@7b227d8d]" name="proceedToCheckout" class="testcases.BaseTest"/>
        <method signature="BaseTest.confirmShipping()[pri:13, instance:testcases.BaseTest@7b227d8d]" name="confirmShipping" class="testcases.BaseTest"/>
        <method signature="BaseTest.confirmPayment()[pri:14, instance:testcases.BaseTest@7b227d8d]" name="confirmPayment" class="testcases.BaseTest"/>
        <method signature="BaseTest.confirmOrderSuccess()[pri:15, instance:testcases.BaseTest@7b227d8d]" name="confirmOrderSuccess" class="testcases.BaseTest"/>
      </group> <!-- all -->
    </groups>
    <test started-at="2023-12-07T03:10:54 PST" name="SingleTest" finished-at="2023-12-07T03:11:59 PST" duration-ms="65692">
      <class name="testcases.BaseTest">
        <test-method is-config="true" signature="setUp()[pri:0, instance:testcases.BaseTest@7b227d8d]" started-at="2023-12-07T03:10:54 PST" name="setUp" finished-at="2023-12-07T03:11:03 PST" duration-ms="8895" status="PASS">
          <reporter-output>
          </reporter-output>
        </test-method> <!-- setUp -->
        <test-method signature="confirmApplicationLaunch()[pri:1, instance:testcases.BaseTest@7b227d8d]" started-at="2023-12-07T03:11:03 PST" name="confirmApplicationLaunch" finished-at="2023-12-07T03:11:03 PST" duration-ms="381" status="PASS">
          <reporter-output>
          </reporter-output>
        </test-method> <!-- confirmApplicationLaunch -->
        <test-method signature="confirmProductsListed()[pri:2, instance:testcases.BaseTest@7b227d8d]" started-at="2023-12-07T03:11:03 PST" name="confirmProductsListed" finished-at="2023-12-07T03:11:03 PST" duration-ms="254" status="PASS">
          <reporter-output>
          </reporter-output>
        </test-method> <!-- confirmProductsListed -->
        <test-method signature="confirmLinkNavigation()[pri:3, instance:testcases.BaseTest@7b227d8d]" started-at="2023-12-07T03:11:03 PST" name="confirmLinkNavigation" finished-at="2023-12-07T03:11:06 PST" duration-ms="2946" status="PASS">
          <reporter-output>
          </reporter-output>
        </test-method> <!-- confirmLinkNavigation -->
        <test-method signature="selectProductWH09()[pri:4, instance:testcases.BaseTest@7b227d8d]" started-at="2023-12-07T03:11:06 PST" name="selectProductWH09" finished-at="2023-12-07T03:11:14 PST" duration-ms="7476" status="PASS">
          <reporter-output>
          </reporter-output>
        </test-method> <!-- selectProductWH09 -->
        <test-method signature="confirmAddToCartSelection()[pri:5, instance:testcases.BaseTest@7b227d8d]" started-at="2023-12-07T03:11:14 PST" name="confirmAddToCartSelection" finished-at="2023-12-07T03:11:14 PST" duration-ms="44" status="PASS">
          <reporter-output>
          </reporter-output>
        </test-method> <!-- confirmAddToCartSelection -->
        <test-method signature="getProductDetails()[pri:6, instance:testcases.BaseTest@7b227d8d]" started-at="2023-12-07T03:11:14 PST" name="getProductDetails" finished-at="2023-12-07T03:11:14 PST" duration-ms="119" status="PASS">
          <reporter-output>
          </reporter-output>
        </test-method> <!-- getProductDetails -->
        <test-method signature="confirmSizeSelection()[pri:7, instance:testcases.BaseTest@7b227d8d]" started-at="2023-12-07T03:11:14 PST" name="confirmSizeSelection" finished-at="2023-12-07T03:11:14 PST" duration-ms="175" status="PASS">
          <reporter-output>
          </reporter-output>
        </test-method> <!-- confirmSizeSelection -->
        <test-method signature="confirmColorSelection()[pri:8, instance:testcases.BaseTest@7b227d8d]" started-at="2023-12-07T03:11:14 PST" name="confirmColorSelection" finished-at="2023-12-07T03:11:14 PST" duration-ms="118" status="PASS">
          <reporter-output>
          </reporter-output>
        </test-method> <!-- confirmColorSelection -->
        <test-method signature="editQTY()[pri:9, instance:testcases.BaseTest@7b227d8d]" started-at="2023-12-07T03:11:14 PST" name="editQTY" finished-at="2023-12-07T03:11:15 PST" duration-ms="347" status="PASS">
          <reporter-output>
          </reporter-output>
        </test-method> <!-- editQTY -->
        <test-method signature="addItemToCart()[pri:10, instance:testcases.BaseTest@7b227d8d]" started-at="2023-12-07T03:11:15 PST" name="addItemToCart" finished-at="2023-12-07T03:11:21 PST" duration-ms="6302" status="PASS">
          <reporter-output>
          </reporter-output>
        </test-method> <!-- addItemToCart -->
        <test-method signature="viewFooter()[pri:11, instance:testcases.BaseTest@7b227d8d]" started-at="2023-12-07T03:11:21 PST" name="viewFooter" finished-at="2023-12-07T03:11:21 PST" duration-ms="34" status="PASS">
          <reporter-output>
          </reporter-output>
        </test-method> <!-- viewFooter -->
        <test-method signature="proceedToCheckout()[pri:12, instance:testcases.BaseTest@7b227d8d]" started-at="2023-12-07T03:11:21 PST" name="proceedToCheckout" finished-at="2023-12-07T03:11:30 PST" duration-ms="8781" status="PASS">
          <reporter-output>
          </reporter-output>
        </test-method> <!-- proceedToCheckout -->
        <test-method signature="confirmShipping()[pri:13, instance:testcases.BaseTest@7b227d8d]" started-at="2023-12-07T03:11:30 PST" name="confirmShipping" finished-at="2023-12-07T03:11:50 PST" duration-ms="20106" status="FAIL">
          <exception class="org.openqa.selenium.NoSuchElementException">
            <message>
              <![CDATA[no such element: Unable to locate element: {"method":"xpath","selector":"//div[@class='block items-in-cart']"}
  (Session info: chrome=119.0.6045.199)
For documentation on this error, please visit: https://www.selenium.dev/documentation/webdriver/troubleshooting/errors#no-such-element-exception
Build info: version: '4.14.1', revision: '03f8ede370'
System info: os.name: 'Mac OS X', os.arch: 'x86_64', os.version: '11.7.10', java.version: '21.0.1'
Driver info: org.openqa.selenium.chrome.ChromeDriver
Command: [b6c9cfcc476519e00a9b4b20c91339b8, findElement {using=xpath, value=//div[@class='block items-in-cart']}]
Capabilities {acceptInsecureCerts: false, browserName: chrome, browserVersion: 119.0.6045.199, chrome: {chromedriverVersion: 119.0.6045.105 (38c72552c5e..., userDataDir: /var/folders/c3/yhl2xr0j7m5...}, fedcm:accounts: true, goog:chromeOptions: {debuggerAddress: localhost:55566}, networkConnectionEnabled: false, pageLoadStrategy: normal, platformName: mac, proxy: Proxy(), se:cdp: ws://localhost:55566/devtoo..., se:cdpVersion: 119.0.6045.199, setWindowRect: true, strictFileInteractability: false, timeouts: {implicit: 0, pageLoad: 300000, script: 30000}, unhandledPromptBehavior: dismiss and notify, webauthn:extension:credBlob: true, webauthn:extension:largeBlob: true, webauthn:extension:minPinLength: true, webauthn:extension:prf: true, webauthn:virtualAuthenticators: true}
Session ID: b6c9cfcc476519e00a9b4b20c91339b8]]>
            </message>
            <full-stacktrace>
              <![CDATA[org.openqa.selenium.NoSuchElementException: no such element: Unable to locate element: {"method":"xpath","selector":"//div[@class='block items-in-cart']"}
  (Session info: chrome=119.0.6045.199)
For documentation on this error, please visit: https://www.selenium.dev/documentation/webdriver/troubleshooting/errors#no-such-element-exception
Build info: version: '4.14.1', revision: '03f8ede370'
System info: os.name: 'Mac OS X', os.arch: 'x86_64', os.version: '11.7.10', java.version: '21.0.1'
Driver info: org.openqa.selenium.chrome.ChromeDriver
Command: [b6c9cfcc476519e00a9b4b20c91339b8, findElement {using=xpath, value=//div[@class='block items-in-cart']}]
Capabilities {acceptInsecureCerts: false, browserName: chrome, browserVersion: 119.0.6045.199, chrome: {chromedriverVersion: 119.0.6045.105 (38c72552c5e..., userDataDir: /var/folders/c3/yhl2xr0j7m5...}, fedcm:accounts: true, goog:chromeOptions: {debuggerAddress: localhost:55566}, networkConnectionEnabled: false, pageLoadStrategy: normal, platformName: mac, proxy: Proxy(), se:cdp: ws://localhost:55566/devtoo..., se:cdpVersion: 119.0.6045.199, setWindowRect: true, strictFileInteractability: false, timeouts: {implicit: 0, pageLoad: 300000, script: 30000}, unhandledPromptBehavior: dismiss and notify, webauthn:extension:credBlob: true, webauthn:extension:largeBlob: true, webauthn:extension:minPinLength: true, webauthn:extension:prf: true, webauthn:virtualAuthenticators: true}
Session ID: b6c9cfcc476519e00a9b4b20c91339b8
at java.base/jdk.internal.reflect.DirectConstructorHandleAccessor.newInstance(DirectConstructorHandleAccessor.java:62)
at java.base/java.lang.reflect.Constructor.newInstanceWithCaller(Constructor.java:502)
at java.base/java.lang.reflect.Constructor.newInstance(Constructor.java:486)
at org.openqa.selenium.remote.codec.w3c.W3CHttpResponseCodec.createException(W3CHttpResponseCodec.java:200)
at org.openqa.selenium.remote.codec.w3c.W3CHttpResponseCodec.decode(W3CHttpResponseCodec.java:133)
at org.openqa.selenium.remote.codec.w3c.W3CHttpResponseCodec.decode(W3CHttpResponseCodec.java:52)
at org.openqa.selenium.remote.HttpCommandExecutor.execute(HttpCommandExecutor.java:191)
at org.openqa.selenium.remote.service.DriverCommandExecutor.invokeExecute(DriverCommandExecutor.java:200)
at org.openqa.selenium.remote.service.DriverCommandExecutor.execute(DriverCommandExecutor.java:175)
at org.openqa.selenium.remote.RemoteWebDriver.execute(RemoteWebDriver.java:602)
at org.openqa.selenium.remote.ElementLocation$ElementFinder$2.findElement(ElementLocation.java:165)
at org.openqa.selenium.remote.ElementLocation.findElement(ElementLocation.java:59)
at org.openqa.selenium.remote.RemoteWebDriver.findElement(RemoteWebDriver.java:359)
at org.openqa.selenium.remote.RemoteWebDriver.findElement(RemoteWebDriver.java:353)
at org.openqa.selenium.support.pagefactory.DefaultElementLocator.findElement(DefaultElementLocator.java:68)
at org.openqa.selenium.support.pagefactory.internal.LocatingElementHandler.invoke(LocatingElementHandler.java:38)
at jdk.proxy2/jdk.proxy2.$Proxy9.isDisplayed(Unknown Source)
at pageobjects.CheckoutShippingPage.verifyOrderSummary(CheckoutShippingPage.java:63)
at testcases.BaseTest.confirmShipping(BaseTest.java:124)
at java.base/jdk.internal.reflect.DirectMethodHandleAccessor.invoke(DirectMethodHandleAccessor.java:103)
at java.base/java.lang.reflect.Method.invoke(Method.java:580)
at org.testng.internal.invokers.MethodInvocationHelper.invokeMethod(MethodInvocationHelper.java:139)
at org.testng.internal.invokers.TestInvoker.invokeMethod(TestInvoker.java:664)
at org.testng.internal.invokers.TestInvoker.invokeTestMethod(TestInvoker.java:227)
at org.testng.internal.invokers.MethodRunner.runInSequence(MethodRunner.java:50)
at org.testng.internal.invokers.TestInvoker$MethodInvocationAgent.invoke(TestInvoker.java:957)
at org.testng.internal.invokers.TestInvoker.invokeTestMethods(TestInvoker.java:200)
at org.testng.internal.invokers.TestMethodWorker.invokeTestMethods(TestMethodWorker.java:148)
at org.testng.internal.invokers.TestMethodWorker.run(TestMethodWorker.java:128)
at java.base/java.util.ArrayList.forEach(ArrayList.java:1596)
at org.testng.TestRunner.privateRun(TestRunner.java:848)
at org.testng.TestRunner.run(TestRunner.java:621)
at org.testng.SuiteRunner.runTest(SuiteRunner.java:443)
at org.testng.SuiteRunner.runSequentially(SuiteRunner.java:437)
at org.testng.SuiteRunner.privateRun(SuiteRunner.java:397)
at org.testng.SuiteRunner.run(SuiteRunner.java:336)
at org.testng.SuiteRunnerWorker.runSuite(SuiteRunnerWorker.java:52)
at org.testng.SuiteRunnerWorker.run(SuiteRunnerWorker.java:95)
at org.testng.TestNG.runSuitesSequentially(TestNG.java:1280)
at org.testng.TestNG.runSuitesLocally(TestNG.java:1200)
at org.testng.TestNG.runSuites(TestNG.java:1114)
at org.testng.TestNG.run(TestNG.java:1082)
at org.apache.maven.surefire.testng.TestNGExecutor.run(TestNGExecutor.java:308)
at org.apache.maven.surefire.testng.TestNGXmlTestSuite.execute(TestNGXmlTestSuite.java:71)
at org.apache.maven.surefire.testng.TestNGProvider.invoke(TestNGProvider.java:113)
at org.apache.maven.surefire.booter.ForkedBooter.runSuitesInProcess(ForkedBooter.java:385)
at org.apache.maven.surefire.booter.ForkedBooter.execute(ForkedBooter.java:162)
at org.apache.maven.surefire.booter.ForkedBooter.run(ForkedBooter.java:507)
at org.apache.maven.surefire.booter.ForkedBooter.main(ForkedBooter.java:495)
]]>
            </full-stacktrace>
          </exception> <!-- org.openqa.selenium.NoSuchElementException -->
          <reporter-output>
          </reporter-output>
        </test-method> <!-- confirmShipping -->
        <test-method signature="confirmPayment()[pri:14, instance:testcases.BaseTest@7b227d8d]" started-at="2023-12-07T03:11:50 PST" name="confirmPayment" finished-at="2023-12-07T03:11:59 PST" duration-ms="8648" status="FAIL">
          <exception class="org.openqa.selenium.NoSuchElementException">
            <message>
              <![CDATA[Unable to find element with locator By.xpath: //input[@id='billing-address-same-as-shipping-checkmo']
For documentation on this error, please visit: https://www.selenium.dev/documentation/webdriver/troubleshooting/errors#no-such-element-exception
Build info: version: '4.14.1', revision: '03f8ede370'
System info: os.name: 'Mac OS X', os.arch: 'x86_64', os.version: '11.7.10', java.version: '21.0.1'
Driver info: driver.version: RemoteWebDriver]]>
            </message>
            <full-stacktrace>
              <![CDATA[org.openqa.selenium.NoSuchElementException: Unable to find element with locator By.xpath: //input[@id='billing-address-same-as-shipping-checkmo']
For documentation on this error, please visit: https://www.selenium.dev/documentation/webdriver/troubleshooting/errors#no-such-element-exception
Build info: version: '4.14.1', revision: '03f8ede370'
System info: os.name: 'Mac OS X', os.arch: 'x86_64', os.version: '11.7.10', java.version: '21.0.1'
Driver info: driver.version: RemoteWebDriver
at org.openqa.selenium.remote.ElementLocation$ElementFinder$2.findElement(ElementLocation.java:168)
at org.openqa.selenium.remote.ElementLocation.findElement(ElementLocation.java:59)
at org.openqa.selenium.remote.RemoteWebDriver.findElement(RemoteWebDriver.java:359)
at org.openqa.selenium.remote.RemoteWebDriver.findElement(RemoteWebDriver.java:353)
at org.openqa.selenium.support.pagefactory.DefaultElementLocator.findElement(DefaultElementLocator.java:68)
at org.openqa.selenium.support.pagefactory.internal.LocatingElementHandler.invoke(LocatingElementHandler.java:38)
at jdk.proxy2/jdk.proxy2.$Proxy9.isSelected(Unknown Source)
at pageobjects.CheckoutPaymentPage.verifyBillingShippingSync(CheckoutPaymentPage.java:43)
at testcases.BaseTest.confirmPayment(BaseTest.java:131)
at java.base/jdk.internal.reflect.DirectMethodHandleAccessor.invoke(DirectMethodHandleAccessor.java:103)
at java.base/java.lang.reflect.Method.invoke(Method.java:580)
at org.testng.internal.invokers.MethodInvocationHelper.invokeMethod(MethodInvocationHelper.java:139)
at org.testng.internal.invokers.TestInvoker.invokeMethod(TestInvoker.java:664)
at org.testng.internal.invokers.TestInvoker.invokeTestMethod(TestInvoker.java:227)
at org.testng.internal.invokers.MethodRunner.runInSequence(MethodRunner.java:50)
at org.testng.internal.invokers.TestInvoker$MethodInvocationAgent.invoke(TestInvoker.java:957)
at org.testng.internal.invokers.TestInvoker.invokeTestMethods(TestInvoker.java:200)
at org.testng.internal.invokers.TestMethodWorker.invokeTestMethods(TestMethodWorker.java:148)
at org.testng.internal.invokers.TestMethodWorker.run(TestMethodWorker.java:128)
at java.base/java.util.ArrayList.forEach(ArrayList.java:1596)
at org.testng.TestRunner.privateRun(TestRunner.java:848)
at org.testng.TestRunner.run(TestRunner.java:621)
at org.testng.SuiteRunner.runTest(SuiteRunner.java:443)
at org.testng.SuiteRunner.runSequentially(SuiteRunner.java:437)
at org.testng.SuiteRunner.privateRun(SuiteRunner.java:397)
at org.testng.SuiteRunner.run(SuiteRunner.java:336)
at org.testng.SuiteRunnerWorker.runSuite(SuiteRunnerWorker.java:52)
at org.testng.SuiteRunnerWorker.run(SuiteRunnerWorker.java:95)
at org.testng.TestNG.runSuitesSequentially(TestNG.java:1280)
at org.testng.TestNG.runSuitesLocally(TestNG.java:1200)
at org.testng.TestNG.runSuites(TestNG.java:1114)
at org.testng.TestNG.run(TestNG.java:1082)
at org.apache.maven.surefire.testng.TestNGExecutor.run(TestNGExecutor.java:308)
at org.apache.maven.surefire.testng.TestNGXmlTestSuite.execute(TestNGXmlTestSuite.java:71)
at org.apache.maven.surefire.testng.TestNGProvider.invoke(TestNGProvider.java:113)
at org.apache.maven.surefire.booter.ForkedBooter.runSuitesInProcess(ForkedBooter.java:385)
at org.apache.maven.surefire.booter.ForkedBooter.execute(ForkedBooter.java:162)
at org.apache.maven.surefire.booter.ForkedBooter.run(ForkedBooter.java:507)
at org.apache.maven.surefire.booter.ForkedBooter.main(ForkedBooter.java:495)
]]>
            </full-stacktrace>
          </exception> <!-- org.openqa.selenium.NoSuchElementException -->
          <reporter-output>
          </reporter-output>
        </test-method> <!-- confirmPayment -->
        <test-method signature="confirmOrderSuccess()[pri:15, instance:testcases.BaseTest@7b227d8d]" started-at="2023-12-07T03:11:59 PST" name="confirmOrderSuccess" finished-at="2023-12-07T03:11:59 PST" duration-ms="11" status="FAIL">
          <exception class="org.openqa.selenium.NoSuchWindowException">
            <message>
              <![CDATA[no such window: target window already closed
from unknown error: web view not found
  (Session info: chrome=119.0.6045.199)
Build info: version: '4.14.1', revision: '03f8ede370'
System info: os.name: 'Mac OS X', os.arch: 'x86_64', os.version: '11.7.10', java.version: '21.0.1'
Driver info: org.openqa.selenium.chrome.ChromeDriver
Command: [b6c9cfcc476519e00a9b4b20c91339b8, getCurrentUrl {}]
Capabilities {acceptInsecureCerts: false, browserName: chrome, browserVersion: 119.0.6045.199, chrome: {chromedriverVersion: 119.0.6045.105 (38c72552c5e..., userDataDir: /var/folders/c3/yhl2xr0j7m5...}, fedcm:accounts: true, goog:chromeOptions: {debuggerAddress: localhost:55566}, networkConnectionEnabled: false, pageLoadStrategy: normal, platformName: mac, proxy: Proxy(), se:cdp: ws://localhost:55566/devtoo..., se:cdpVersion: 119.0.6045.199, setWindowRect: true, strictFileInteractability: false, timeouts: {implicit: 0, pageLoad: 300000, script: 30000}, unhandledPromptBehavior: dismiss and notify, webauthn:extension:credBlob: true, webauthn:extension:largeBlob: true, webauthn:extension:minPinLength: true, webauthn:extension:prf: true, webauthn:virtualAuthenticators: true}
Session ID: b6c9cfcc476519e00a9b4b20c91339b8]]>
            </message>
            <full-stacktrace>
              <![CDATA[org.openqa.selenium.NoSuchWindowException: no such window: target window already closed
from unknown error: web view not found
  (Session info: chrome=119.0.6045.199)
Build info: version: '4.14.1', revision: '03f8ede370'
System info: os.name: 'Mac OS X', os.arch: 'x86_64', os.version: '11.7.10', java.version: '21.0.1'
Driver info: org.openqa.selenium.chrome.ChromeDriver
Command: [b6c9cfcc476519e00a9b4b20c91339b8, getCurrentUrl {}]
Capabilities {acceptInsecureCerts: false, browserName: chrome, browserVersion: 119.0.6045.199, chrome: {chromedriverVersion: 119.0.6045.105 (38c72552c5e..., userDataDir: /var/folders/c3/yhl2xr0j7m5...}, fedcm:accounts: true, goog:chromeOptions: {debuggerAddress: localhost:55566}, networkConnectionEnabled: false, pageLoadStrategy: normal, platformName: mac, proxy: Proxy(), se:cdp: ws://localhost:55566/devtoo..., se:cdpVersion: 119.0.6045.199, setWindowRect: true, strictFileInteractability: false, timeouts: {implicit: 0, pageLoad: 300000, script: 30000}, unhandledPromptBehavior: dismiss and notify, webauthn:extension:credBlob: true, webauthn:extension:largeBlob: true, webauthn:extension:minPinLength: true, webauthn:extension:prf: true, webauthn:virtualAuthenticators: true}
Session ID: b6c9cfcc476519e00a9b4b20c91339b8
at java.base/jdk.internal.reflect.DirectConstructorHandleAccessor.newInstance(DirectConstructorHandleAccessor.java:62)
at java.base/java.lang.reflect.Constructor.newInstanceWithCaller(Constructor.java:502)
at java.base/java.lang.reflect.Constructor.newInstance(Constructor.java:486)
at org.openqa.selenium.remote.codec.w3c.W3CHttpResponseCodec.createException(W3CHttpResponseCodec.java:200)
at org.openqa.selenium.remote.codec.w3c.W3CHttpResponseCodec.decode(W3CHttpResponseCodec.java:133)
at org.openqa.selenium.remote.codec.w3c.W3CHttpResponseCodec.decode(W3CHttpResponseCodec.java:52)
at org.openqa.selenium.remote.HttpCommandExecutor.execute(HttpCommandExecutor.java:191)
at org.openqa.selenium.remote.service.DriverCommandExecutor.invokeExecute(DriverCommandExecutor.java:200)
at org.openqa.selenium.remote.service.DriverCommandExecutor.execute(DriverCommandExecutor.java:175)
at org.openqa.selenium.remote.RemoteWebDriver.execute(RemoteWebDriver.java:602)
at org.openqa.selenium.remote.RemoteWebDriver.execute(RemoteWebDriver.java:675)
at org.openqa.selenium.remote.RemoteWebDriver.execute(RemoteWebDriver.java:679)
at org.openqa.selenium.remote.RemoteWebDriver.getCurrentUrl(RemoteWebDriver.java:316)
at pageobjects.CheckoutFinalPage.confirmOrderComplete(CheckoutFinalPage.java:25)
at testcases.BaseTest.confirmOrderSuccess(BaseTest.java:138)
at java.base/jdk.internal.reflect.DirectMethodHandleAccessor.invoke(DirectMethodHandleAccessor.java:103)
at java.base/java.lang.reflect.Method.invoke(Method.java:580)
at org.testng.internal.invokers.MethodInvocationHelper.invokeMethod(MethodInvocationHelper.java:139)
at org.testng.internal.invokers.TestInvoker.invokeMethod(TestInvoker.java:664)
at org.testng.internal.invokers.TestInvoker.invokeTestMethod(TestInvoker.java:227)
at org.testng.internal.invokers.MethodRunner.runInSequence(MethodRunner.java:50)
at org.testng.internal.invokers.TestInvoker$MethodInvocationAgent.invoke(TestInvoker.java:957)
at org.testng.internal.invokers.TestInvoker.invokeTestMethods(TestInvoker.java:200)
at org.testng.internal.invokers.TestMethodWorker.invokeTestMethods(TestMethodWorker.java:148)
at org.testng.internal.invokers.TestMethodWorker.run(TestMethodWorker.java:128)
at java.base/java.util.ArrayList.forEach(ArrayList.java:1596)
at org.testng.TestRunner.privateRun(TestRunner.java:848)
at org.testng.TestRunner.run(TestRunner.java:621)
at org.testng.SuiteRunner.runTest(SuiteRunner.java:443)
at org.testng.SuiteRunner.runSequentially(SuiteRunner.java:437)
at org.testng.SuiteRunner.privateRun(SuiteRunner.java:397)
at org.testng.SuiteRunner.run(SuiteRunner.java:336)
at org.testng.SuiteRunnerWorker.runSuite(SuiteRunnerWorker.java:52)
at org.testng.SuiteRunnerWorker.run(SuiteRunnerWorker.java:95)
at org.testng.TestNG.runSuitesSequentially(TestNG.java:1280)
at org.testng.TestNG.runSuitesLocally(TestNG.java:1200)
at org.testng.TestNG.runSuites(TestNG.java:1114)
at org.testng.TestNG.run(TestNG.java:1082)
at org.apache.maven.surefire.testng.TestNGExecutor.run(TestNGExecutor.java:308)
at org.apache.maven.surefire.testng.TestNGXmlTestSuite.execute(TestNGXmlTestSuite.java:71)
at org.apache.maven.surefire.testng.TestNGProvider.invoke(TestNGProvider.java:113)
at org.apache.maven.surefire.booter.ForkedBooter.runSuitesInProcess(ForkedBooter.java:385)
at org.apache.maven.surefire.booter.ForkedBooter.execute(ForkedBooter.java:162)
at org.apache.maven.surefire.booter.ForkedBooter.run(ForkedBooter.java:507)
at org.apache.maven.surefire.booter.ForkedBooter.main(ForkedBooter.java:495)
]]>
            </full-stacktrace>
          </exception> <!-- org.openqa.selenium.NoSuchWindowException -->
          <reporter-output>
          </reporter-output>
        </test-method> <!-- confirmOrderSuccess -->
        <test-method is-config="true" signature="tearDown()[pri:0, instance:testcases.BaseTest@7b227d8d]" started-at="2023-12-07T03:11:59 PST" name="tearDown" finished-at="2023-12-07T03:11:59 PST" duration-ms="905" status="PASS">
          <reporter-output>
          </reporter-output>
        </test-method> <!-- tearDown -->
      </class> <!-- testcases.BaseTest -->
    </test> <!-- SingleTest -->
  </suite> <!-- Single -->
</testng-results>
